


ARM Macro Assembler    Page 1 


    1 00000000         
    2 00000000         ;-------------------------------------------------------
                       ------------------------
    3 00000000         ; Context Switch Code (ARMCC/armasm syntax)
    4 00000000         ;-------------------------------------------------------
                       ------------------------
    5 00000000                 AREA             |.context_switch|, CODE, READON
LY, ALIGN=2
    6 00000000                 THUMB
    7 00000000                 PRESERVE8
    8 00000000         
    9 00000000         ;-------------------------------------------------------
                       ------------------------
   10 00000000         ; Conditional Export Declarations
   11 00000000         ;-------------------------------------------------------
                       ------------------------
   12 00000000         ;  IF :DEF:TS_OTP_ROM || :DEF:TS_FULL_MODE || :DEF:TS_2G
                       4_VER
   13 00000000                 EXPORT           CS_contextSave
   14 00000000         ;  ENDIF
   15 00000000         
   16 00000000         ;  IF :DEF:TS_OTP_ROM
   17 00000000                 EXPORT           CS_contextRestore
   18 00000000         ;   ENDIF
   19 00000000         
   20 00000000         ;-------------------------------------------------------
                       ------------------------
   21 00000000         ; CS_contextSave
   22 00000000         ;-------------------------------------------------------
                       ------------------------
   23 00000000         ;   IF :DEF:TS_OTP_ROM || :DEF:TS_FULL_MODE || :DEF:TS_2
                       G4_VER
   24 00000000         CS_contextSave
                               PROC
   25 00000000 F3EF 8214       MRS              R2, CONTROL ; Load the CONTROL 
                                                            register into R2
   26 00000004 F3EF 8109       MRS              R1, PSP     ; Load the process 
                                                            stack pointer into 
                                                            R1
   27 00000008 481D            LDR              R0, =0
   28 0000000A F380 8814       MSR              CONTROL, R0 ; Switch to Main St
                                                            ack Pointer
   29 0000000E F3BF 8F6F       ISB                          ; Instruction Synch
                                                            ronization Barrier
   30 00000012         
   31 00000012 B5F0            PUSH             {R4-R7, LR} ; Store R4-R7 and L
                                                            R (5 words)
   32 00000014 4643            MOV              R3, R8      ; Move {R8-R12} to 
                                                            {R3-R7}
   33 00000016 464C            MOV              R4, R9
   34 00000018 4655            MOV              R5, R10
   35 0000001A 465E            MOV              R6, R11
   36 0000001C 4667            MOV              R7, R12
   37 0000001E B4F8            PUSH             {R3-R7}     ; Store R8-R12 (5 w
                                                            ords)
   38 00000020         
   39 00000020 4C18            LDR              R4, =0x40080024 ; Load address 
                                                            of AON_CTRL->SOFT_R
                                                            ECORD1



ARM Macro Assembler    Page 2 


   40 00000022 F3EF 8308       MRS              R3, MSP     ; Load the main sta
                                                            ck pointer into R3
   41 00000026 6023            STR              R3, [R4]    ; Store the MSP int
                                                            o AON_CTRL->SOFT_RE
                                                            CORD1
   42 00000028         
   43 00000028 B406            PUSH             {R1, R2}    ; Store PSP and CON
                                                            TROL
   44 0000002A         
   45 0000002A F3BF 8F4F       DSB                          ; Data Synchronizat
                                                            ion Barrier
   46 0000002E         
   47 0000002E         ; all saved, Trigger deep sleep
   48 0000002E 4C16            LDR              R4, =0x40080048 ; Setup AON_CTR
                                                            L->GOSLEEP = 1
   49 00000030 2001            MOVS             R0, #0x1
   50 00000032 6020            STR              R0, [R4]
   51 00000034         
   52 00000034 BF30            WFI                          ; Wait for Interrup
                                                            t (enter deep sleep
                                                            )
   53 00000036         
   54 00000036         while_1
   55 00000036 E7FE            B                while_1
   56 00000038         
   57 00000038                 ENDP
   58 00000038         ;   ENDIF
   59 00000038         
   60 00000038         ;    END
   61 00000038         ;-------------------------------------------------------
                       ------------------------
   62 00000038         ; CS_contextRestore
   63 00000038         ;-------------------------------------------------------
                       ------------------------
   64 00000038         ;   IF :DEF:TS_OTP_ROM     ; Export if TS_OTP_ROM is NOT
                        defined
   65 00000038                 EXPORT           CS_contextRestore
   66 00000038         CS_contextRestore
                               PROC
   67 00000038         ;    LDR    R4, =0x40000100
   68 00000038         ;    MOVS   R5, #0xF8
   69 00000038         ;    STR    R5, [R4]             ; for test: set wdg tim
                       er: 1s
   70 00000038         
   71 00000038 4C14            LDR              R4, =0x40080080
   72 0000003A 6824            LDR              R4, [R4]
   73 0000003C 2508            MOVS             R5, #0x8
   74 0000003E 402C            ANDS             R4, R5
   75 00000040 D009            BEQ.N            normal_branch ; if not watch do
                                                            g reset
   76 00000042         
   77 00000042 4C13            LDR              R4, =0x40080020
   78 00000044 2500            MOVS             R5, #0x0
   79 00000046 6025            STR              R5, [R4]    ; set PC to 0
   80 00000048         
   81 00000048 4C12            LDR              R4, =0x40080084
   82 0000004A 250A            MOVS             R5, #0xA
   83 0000004C 6025            STR              R5, [R4]    ; clr wdg/deep slee
                                                            p reset flag



ARM Macro Assembler    Page 3 


   84 0000004E         
   85 0000004E 4C12            LDR              R4, =0x40000008
   86 00000050 2501            MOVS             R5, #0x1
   87 00000052 6025            STR              R5, [R4]    ; reset system
   88 00000054 BF30            WFI
   89 00000056         
   90 00000056         normal_branch
   91 00000056         ; Normal context restore
   92 00000056 4C0B            LDR              R4, =0x40080024 ; load address 
                                                            of AON_CTRL->SOFT_R
                                                            ECORD1
   93 00000058 6824            LDR              R4, [R4]    ; load the MSP from
                                                             AON_CTRL->SOFT_REC
                                                            ORD1
   94 0000005A F384 8808       MSR              MSP, R4     ; restore the MSP f
                                                            rom R4
   95 0000005E         
   96 0000005E B082            SUB              SP, #0x8
   97 00000060 BC03            POP              {R0, R1}    ; load PSP into R0,
                                                             CONTROL into R1
   98 00000062         
   99 00000062 BCF8            POP              {R3-R7}     ; load R8-R12 (via 
                                                            R3-R7)
  100 00000064 4698            MOV              R8, R3
  101 00000066 46A1            MOV              R9, R4
  102 00000068 46AA            MOV              R10, R5
  103 0000006A 46B3            MOV              R11, R6
  104 0000006C 46BC            MOV              R12, R7
  105 0000006E         
  106 0000006E BCF0            POP              {R4-R7}     ; restore R4-R7
  107 00000070 BC04            POP              {R2}        ; load LR
  108 00000072         
  109 00000072 F380 8809       MSR              PSP, R0     ; restore PSP
  110 00000076 F381 8814       MSR              CONTROL, R1 ; restore CONTROL r
                                                            egister
  111 0000007A F3BF 8F6F       ISB                          ; instruction barri
                                                            er
  112 0000007E         
  113 0000007E 4710            BX               R2          ; return using rest
                                                            ored LR
  114 00000080         
  115 00000080                 ENDP
  116 00000080         ;   ENDIF
  117 00000080         
  118 00000080                 ALIGN            4
  119 00000080                 END
              00000000 
              40080024 
              40080048 
              40080080 
              40080020 
              40080084 
              40000008 
Command Line: --debug --xref --diag_suppress=9931 --cpu=Cortex-M0+ --depend=.\o
bj\context_switch.d -o.\obj\context_switch.o -I..\..\..\..\soc\m0 -IC:\Users\18
836\AppData\Local\Arm\Packs\TechStorm\DFP\1.0.0\Device\ARM\ARMCM0\Include --pre
define="__UVISION_VERSION SETA 535" --predefine="TS800X SETA 1" --list=.\out\co
ntext_switch.lst ..\source\context_switch.S



ARM Macro Assembler    Page 1 Alphabetic symbol ordering
Relocatable symbols

.context_switch 00000000

Symbol: .context_switch
   Definitions
      At line 5 in file ..\source\context_switch.S
   Uses
      None
Comment: .context_switch unused
CS_contextRestore 00000038

Symbol: CS_contextRestore
   Definitions
      At line 66 in file ..\source\context_switch.S
   Uses
      At line 17 in file ..\source\context_switch.S
      At line 65 in file ..\source\context_switch.S

CS_contextSave 00000000

Symbol: CS_contextSave
   Definitions
      At line 24 in file ..\source\context_switch.S
   Uses
      At line 13 in file ..\source\context_switch.S
Comment: CS_contextSave used once
normal_branch 00000056

Symbol: normal_branch
   Definitions
      At line 90 in file ..\source\context_switch.S
   Uses
      At line 75 in file ..\source\context_switch.S
Comment: normal_branch used once
while_1 00000036

Symbol: while_1
   Definitions
      At line 54 in file ..\source\context_switch.S
   Uses
      At line 55 in file ..\source\context_switch.S
Comment: while_1 used once
5 symbols
339 symbols in table
