


ARM Macro Assembler    Page 1 


    1 00000000         ;/******************************************************
                       ********************//**
    2 00000000         ; * @file     startup_ARMCM0plus.s
    3 00000000         ; * @brief    CMSIS Core Device Startup File for
    4 00000000         ; *           ARMCM0plus Device
    5 00000000         ; * @version  V1.0.1
    6 00000000         ; * @date     23. July 2019
    7 00000000         ; ******************************************************
                       ************************/
    8 00000000         ;/*
    9 00000000         ; * Copyright (c) 2009-2019 Arm Limited. All rights rese
                       rved.
   10 00000000         ; *
   11 00000000         ; * SPDX-License-Identifier: Apache-2.0
   12 00000000         ; *
   13 00000000         ; * Licensed under the Apache License, Version 2.0 (the 
                       License); you may
   14 00000000         ; * not use this file except in compliance with the Lice
                       nse.
   15 00000000         ; * You may obtain a copy of the License at
   16 00000000         ; *
   17 00000000         ; * www.apache.org/licenses/LICENSE-2.0
   18 00000000         ; *
   19 00000000         ; * Unless required by applicable law or agreed to in wr
                       iting, software
   20 00000000         ; * distributed under the License is distributed on an A
                       S IS BASIS, WITHOUT
   21 00000000         ; * WARRANTIES OR CONDITIONS OF ANY KIND, either express
                        or implied.
   22 00000000         ; * See the License for the specific language governing 
                       permissions and
   23 00000000         ; * limitations under the License.
   24 00000000         ; */
   25 00000000         
   26 00000000         ;//-------- <<< Use Configuration Wizard in Context Menu
                        >>> ------------------
   27 00000000         
   28 00000000         
   29 00000000         ;<h> Stack Configuration
   30 00000000         ;  <o> Stack Size (in Bytes) <0x0-0xFFFFFFFF:8>
   31 00000000         ;</h>
   32 00000000         
   33 00000000 00000600 
                       Stack_Size
                               EQU              0x00000600
   34 00000000         
   35 00000000                 AREA             STACK, NOINIT, READWRITE, ALIGN
=3
   36 00000000         __stack_limit
   37 00000000         Stack_Mem
                               SPACE            Stack_Size
   38 00000600         __initial_sp
   39 00000600         
   40 00000600         
   41 00000600         ;<h> Heap Configuration
   42 00000600         ;  <o> Heap Size (in Bytes) <0x0-0xFFFFFFFF:8>
   43 00000600         ;</h>
   44 00000600         
   45 00000600 00000000 



ARM Macro Assembler    Page 2 


                       Heap_Size
                               EQU              0x00000000
   46 00000600         
   47 00000600                 IF               Heap_Size != 0 
                                                            ; Heap is provided
   52                          ENDIF
   53 00000600         
   54 00000600         
   55 00000600                 PRESERVE8
   56 00000600                 THUMB
   57 00000600         
   58 00000600         
   59 00000600         ; Vector Table Mapped to Address 0 at Reset
   60 00000600         
   61 00000600                 AREA             RESET, DATA, READONLY
   62 00000000                 EXPORT           __Vectors
   63 00000000                 EXPORT           __Vectors_End
   64 00000000                 EXPORT           __Vectors_Size
   65 00000000         
   66 00000000 00000000 
                       __Vectors
                               DCD              __initial_sp ;     Top of Stack
                                                            
   67 00000004 00000000        DCD              Reset_Handler 
                                                            ;     Reset Handler
                                                            
   68 00000008 00000000        DCD              NMI_Handler ; -14 NMI Handler
   69 0000000C 00000000        DCD              HardFault_Handler ; -13 Hard Fa
                                                            ult Handler
   70 00000010 00000000        DCD              0           ;     Reserved
   71 00000014 00000000        DCD              0           ;     Reserved
   72 00000018 00000000        DCD              0           ;     Reserved
   73 0000001C 00000000        DCD              0           ;     Reserved
   74 00000020 00000000        DCD              0           ;     Reserved
   75 00000024 00000000        DCD              0           ;     Reserved
   76 00000028 00000000        DCD              0           ;     Reserved
   77 0000002C 00000000        DCD              SVC_Handler ;  -5 SVCall Handle
                                                            r
   78 00000030 00000000        DCD              0           ;     Reserved
   79 00000034 00000000        DCD              0           ;     Reserved
   80 00000038 00000000        DCD              PendSV_Handler ;  -2 PendSV Han
                                                            dler
   81 0000003C 00000000        DCD              SysTick_Handler ;  -1 SysTick H
                                                            andler
   82 00000040         
   83 00000040         ; Interrupts
   84 00000040 00000000        DCD              WDT_Handler ;   0 Interrupt 0
   85 00000044 00000000        DCD              Interrupt1_Handler 
                                                            ;   1 Interrupt 1
   86 00000048 00000000        DCD              RADIO_DMA_Handler 
                                                            ;   2 Interrupt 2
   87 0000004C 00000000        DCD              RADIO_TICK_Handler 
                                                            ;   3 Interrupt 3
   88 00000050 00000000        DCD              Interrupt4_Handler 
                                                            ;   4 Interrupt 4
   89 00000054 00000000        DCD              Interrupt5_Handler 
                                                            ;   5 Interrupt 5
   90 00000058 00000000        DCD              Interrupt6_Handler 
                                                            ;   6 Interrupt 6



ARM Macro Assembler    Page 3 


   91 0000005C 00000000        DCD              ADC_Handler ;   7 Interrupt 7
   92 00000060 00000000        DCD              UART0_Handler ;   8 Interrupt 8
                                                            
   93 00000064 00000000        DCD              UART1_Handler ;   9 Interrupt 9
                                                            
   94 00000068 00000000        DCD              SPIM0_Handler 
                                                            ;   10 Interrupt 10
                                                            
   95 0000006C 00000000        DCD              SPIM1_Handler 
                                                            ;   11 Interrupt 11
                                                            
   96 00000070 00000000        DCD              I2C0_Handler 
                                                            ;   12 Interrupt 12
                                                            
   97 00000074 00000000        DCD              Interrupt13_Handler 
                                                            ;   13 Interrupt 13
                                                            
   98 00000078 00000000        DCD              SPIS0_Handler 
                                                            ;   14 Interrupt 14
                                                            
   99 0000007C 00000000        DCD              USB_Handler ;   15 Interrupt 15
                                                            
  100 00000080 00000000        DCD              GPIO_Handler 
                                                            ;   16 Interrupt 16
                                                            
  101 00000084 00000000        DCD              QDEC_Handler 
                                                            ;   17 Interrupt 17
                                                            
  102 00000088 00000000        DCD              AES_Handler ;   18 Interrupt 18
                                                            
  103 0000008C 00000000        DCD              CAPTURE_Handler 
                                                            ;   19 Interrupt 19
                                                            
  104 00000090 00000000        DCD              CLKCAL_Handler 
                                                            ;   20 Interrupt 20
                                                            
  105 00000094 00000000        DCD              RTC_Handler ;   21 Interrupt 21
                                                            
  106 00000098 00000000        DCD              SDMA_Handler 
                                                            ;   22 Interrupt 22
                                                            
  107 0000009C 00000000        DCD              Interrupt23_Handler 
                                                            ;   23 Interrupt 23
                                                            
  108 000000A0 00000000        DCD              TIMER0_Handler 
                                                            ;   24 Interrupt 24
                                                            
  109 000000A4 00000000        DCD              TIMER1_Handler 
                                                            ;   25 Interrupt 25
                                                            
  110 000000A8 00000000        DCD              TIMER2_Handler 
                                                            ;   26 Interrupt 26
                                                            
  111 000000AC 00000000        DCD              TIMER3_Handler 
                                                            ;   27 Interrupt 27
                                                            
  112 000000B0 00000000        DCD              TIMER4_Handler 
                                                            ;   28 Interrupt 28
                                                            



ARM Macro Assembler    Page 4 


  113 000000B4 00000000        DCD              TIMER5_Handler 
                                                            ;   29 Interrupt 29
                                                            
  114 000000B8 00000000        DCD              TIMER6_Handler 
                                                            ;   30 Interrupt 30
                                                            
  115 000000BC 00000000        DCD              TIMER7_Handler 
                                                            ;   31 Interrupt 31
                                                            
  116 000000C0         __Vectors_End
  117 000000C0 000000C0 
                       __Vectors_Size
                               EQU              __Vectors_End - __Vectors
  118 000000C0         
  119 000000C0         
  120 000000C0                 AREA             |.text|, CODE, READONLY
  121 00000000         
  122 00000000         ; Reset Handler
  123 00000000         
  124 00000000         Reset_Handler
                               PROC
  125 00000000                 EXPORT           Reset_Handler             [WEAK
]
  126 00000000         ;IMPORT   SystemInit
  127 00000000                 IMPORT           __main
  128 00000000         
  129 00000000         ;LDR      R0, =SystemInit
  130 00000000         ;BLX      R0
  131 00000000 4803            LDR              R0, =__main
  132 00000002 4700            BX               R0
  133 00000004                 ENDP
  134 00000004         
  135 00000004         ; The default macro is not used for HardFault_Handler
  136 00000004         ; because this results in a poor debug illusion.
  137 00000004         HardFault_Handler
                               PROC
  138 00000004                 EXPORT           HardFault_Handler         [WEAK
]
  139 00000004 E7FE            B                .
  140 00000006                 ENDP
  141 00000006         
  142 00000006         NMI_Handler
                               PROC
  143 00000006                 EXPORT           NMI_Handler               [WEAK
]
  144 00000006 E7FE            B                .
  145 00000008                 ENDP
  146 00000008         
  147 00000008         SVC_Handler
                               PROC
  148 00000008                 EXPORT           SVC_Handler                [WEA
K]
  149 00000008 E7FE            B                .
  150 0000000A                 ENDP
  151 0000000A         
  152 0000000A         PendSV_Handler
                               PROC
  153 0000000A                 EXPORT           PendSV_Handler           [WEAK]
  154 0000000A E7FE            B                .



ARM Macro Assembler    Page 5 


  155 0000000C                 ENDP
  156 0000000C         
  157 0000000C         SysTick_Handler
                               PROC
  158 0000000C                 EXPORT           SysTick_Handler          [WEAK]
  159 0000000C E7FE            B                .
  160 0000000E                 ENDP
  161 0000000E         
  162 0000000E         Default_Handler
                               PROC
  163 0000000E         ;  /* external interrupts handler */ 
  164 0000000E                 EXPORT           WDT_Handler                 [WE
AK]
  165 0000000E                 EXPORT           Interrupt1_Handler          [WE
AK]
  166 0000000E                 EXPORT           RADIO_DMA_Handler           [WE
AK]
  167 0000000E                 EXPORT           RADIO_TICK_Handler          [WE
AK]
  168 0000000E                 EXPORT           Interrupt4_Handler          [WE
AK]
  169 0000000E                 EXPORT           Interrupt5_Handler          [WE
AK]
  170 0000000E                 EXPORT           Interrupt6_Handler          [WE
AK]
  171 0000000E                 EXPORT           ADC_Handler                 [WE
AK]
  172 0000000E                 EXPORT           UART0_Handler               [WE
AK]
  173 0000000E                 EXPORT           UART1_Handler               [WE
AK]
  174 0000000E                 EXPORT           SPIM0_Handler               [WE
AK]
  175 0000000E                 EXPORT           SPIM1_Handler               [WE
AK]
  176 0000000E                 EXPORT           I2C0_Handler                [WE
AK]
  177 0000000E                 EXPORT           Interrupt13_Handler         [WE
AK]
  178 0000000E                 EXPORT           SPIS0_Handler               [WE
AK]
  179 0000000E                 EXPORT           USB_Handler                 [WE
AK]
  180 0000000E                 EXPORT           GPIO_Handler                [WE
AK]
  181 0000000E                 EXPORT           QDEC_Handler                [WE
AK]
  182 0000000E                 EXPORT           AES_Handler                 [WE
AK]
  183 0000000E                 EXPORT           CAPTURE_Handler             [WE
AK]
  184 0000000E                 EXPORT           CLKCAL_Handler              [WE
AK]
  185 0000000E                 EXPORT           RTC_Handler                 [WE
AK]
  186 0000000E                 EXPORT           SDMA_Handler                [WE
AK]
  187 0000000E                 EXPORT           Interrupt23_Handler         [WE
AK]



ARM Macro Assembler    Page 6 


  188 0000000E                 EXPORT           TIMER0_Handler              [WE
AK]
  189 0000000E                 EXPORT           TIMER1_Handler              [WE
AK]
  190 0000000E                 EXPORT           TIMER2_Handler              [WE
AK]
  191 0000000E                 EXPORT           TIMER3_Handler              [WE
AK]
  192 0000000E                 EXPORT           TIMER4_Handler              [WE
AK]
  193 0000000E                 EXPORT           TIMER5_Handler              [WE
AK]
  194 0000000E                 EXPORT           TIMER6_Handler              [WE
AK]
  195 0000000E                 EXPORT           TIMER7_Handler              [WE
AK]
  196 0000000E         ; /* external interrupts handler */
  197 0000000E         WDT_Handler
  198 0000000E         Interrupt1_Handler
  199 0000000E         RADIO_DMA_Handler
  200 0000000E         RADIO_TICK_Handler
  201 0000000E         Interrupt4_Handler
  202 0000000E         Interrupt5_Handler
  203 0000000E         Interrupt6_Handler
  204 0000000E         ADC_Handler
  205 0000000E         UART0_Handler
  206 0000000E         UART1_Handler
  207 0000000E         SPIM0_Handler
  208 0000000E         SPIM1_Handler
  209 0000000E         I2C0_Handler
  210 0000000E         Interrupt13_Handler
  211 0000000E         SPIS0_Handler
  212 0000000E         USB_Handler
  213 0000000E         GPIO_Handler
  214 0000000E         QDEC_Handler
  215 0000000E         AES_Handler
  216 0000000E         CAPTURE_Handler
  217 0000000E         CLKCAL_Handler
  218 0000000E         RTC_Handler
  219 0000000E         SDMA_Handler
  220 0000000E         Interrupt23_Handler
  221 0000000E         TIMER0_Handler
  222 0000000E         TIMER1_Handler
  223 0000000E         TIMER2_Handler
  224 0000000E         TIMER3_Handler
  225 0000000E         TIMER4_Handler
  226 0000000E         TIMER5_Handler
  227 0000000E         TIMER6_Handler
  228 0000000E         TIMER7_Handler
  229 0000000E         
  230 0000000E E7FE            B                .
  231 00000010                 ENDP
  232 00000010         
  233 00000010                 ALIGN
  234 00000010         
  235 00000010         
  236 00000010         ; User setup Stack & Heap
  237 00000010         
  238 00000010                 IF               :LNOT::DEF:__MICROLIB



ARM Macro Assembler    Page 7 


  239 00000010                 IMPORT           __use_two_region_memory
  240 00000010                 ENDIF
  241 00000010         
  242 00000010                 EXPORT           __stack_limit
  243 00000010                 EXPORT           __initial_sp
  244 00000010                 IF               Heap_Size != 0 
                                                            ; Heap is provided
  247                          ENDIF
  248 00000010         
  249 00000010                 END
              00000000 
Command Line: --debug --xref --diag_suppress=9931 --cpu=Cortex-M0+ --depend=.\o
bj\ts800x_startup.d -o.\obj\ts800x_startup.o -I..\..\..\..\soc\m0 -IC:\Users\18
836\AppData\Local\Arm\Packs\TechStorm\DFP\1.0.0\Device\ARM\ARMCM0\Include --pre
define="__UVISION_VERSION SETA 535" --predefine="TS800X SETA 1" --list=.\out\ts
800x_startup.lst ..\..\..\..\soc\ts800x\platform\keil\ts800x_startup.s



ARM Macro Assembler    Page 1 Alphabetic symbol ordering
Relocatable symbols

STACK 00000000

Symbol: STACK
   Definitions
      At line 35 in file ..\..\..\..\soc\ts800x\platform\keil\ts800x_startup.s
   Uses
      None
Comment: STACK unused
Stack_Mem 00000000

Symbol: Stack_Mem
   Definitions
      At line 37 in file ..\..\..\..\soc\ts800x\platform\keil\ts800x_startup.s
   Uses
      None
Comment: Stack_Mem unused
__initial_sp 00000600

Symbol: __initial_sp
   Definitions
      At line 38 in file ..\..\..\..\soc\ts800x\platform\keil\ts800x_startup.s
   Uses
      At line 66 in file ..\..\..\..\soc\ts800x\platform\keil\ts800x_startup.s
      At line 243 in file ..\..\..\..\soc\ts800x\platform\keil\ts800x_startup.s

__stack_limit 00000000

Symbol: __stack_limit
   Definitions
      At line 36 in file ..\..\..\..\soc\ts800x\platform\keil\ts800x_startup.s
   Uses
      At line 242 in file ..\..\..\..\soc\ts800x\platform\keil\ts800x_startup.s
Comment: __stack_limit used once
4 symbols



ARM Macro Assembler    Page 1 Alphabetic symbol ordering
Relocatable symbols

RESET 00000000

Symbol: RESET
   Definitions
      At line 61 in file ..\..\..\..\soc\ts800x\platform\keil\ts800x_startup.s
   Uses
      None
Comment: RESET unused
__Vectors 00000000

Symbol: __Vectors
   Definitions
      At line 66 in file ..\..\..\..\soc\ts800x\platform\keil\ts800x_startup.s
   Uses
      At line 62 in file ..\..\..\..\soc\ts800x\platform\keil\ts800x_startup.s
      At line 117 in file ..\..\..\..\soc\ts800x\platform\keil\ts800x_startup.s

__Vectors_End 000000C0

Symbol: __Vectors_End
   Definitions
      At line 116 in file ..\..\..\..\soc\ts800x\platform\keil\ts800x_startup.s
   Uses
      At line 63 in file ..\..\..\..\soc\ts800x\platform\keil\ts800x_startup.s
      At line 117 in file ..\..\..\..\soc\ts800x\platform\keil\ts800x_startup.s

3 symbols



ARM Macro Assembler    Page 1 Alphabetic symbol ordering
Relocatable symbols

.text 00000000

Symbol: .text
   Definitions
      At line 120 in file ..\..\..\..\soc\ts800x\platform\keil\ts800x_startup.s
   Uses
      None
Comment: .text unused
ADC_Handler 0000000E

Symbol: ADC_Handler
   Definitions
      At line 204 in file ..\..\..\..\soc\ts800x\platform\keil\ts800x_startup.s
   Uses
      At line 91 in file ..\..\..\..\soc\ts800x\platform\keil\ts800x_startup.s
      At line 171 in file ..\..\..\..\soc\ts800x\platform\keil\ts800x_startup.s

AES_Handler 0000000E

Symbol: AES_Handler
   Definitions
      At line 215 in file ..\..\..\..\soc\ts800x\platform\keil\ts800x_startup.s
   Uses
      At line 102 in file ..\..\..\..\soc\ts800x\platform\keil\ts800x_startup.s
      At line 182 in file ..\..\..\..\soc\ts800x\platform\keil\ts800x_startup.s

CAPTURE_Handler 0000000E

Symbol: CAPTURE_Handler
   Definitions
      At line 216 in file ..\..\..\..\soc\ts800x\platform\keil\ts800x_startup.s
   Uses
      At line 103 in file ..\..\..\..\soc\ts800x\platform\keil\ts800x_startup.s
      At line 183 in file ..\..\..\..\soc\ts800x\platform\keil\ts800x_startup.s

CLKCAL_Handler 0000000E

Symbol: CLKCAL_Handler
   Definitions
      At line 217 in file ..\..\..\..\soc\ts800x\platform\keil\ts800x_startup.s
   Uses
      At line 104 in file ..\..\..\..\soc\ts800x\platform\keil\ts800x_startup.s
      At line 184 in file ..\..\..\..\soc\ts800x\platform\keil\ts800x_startup.s

Default_Handler 0000000E

Symbol: Default_Handler
   Definitions
      At line 162 in file ..\..\..\..\soc\ts800x\platform\keil\ts800x_startup.s
   Uses
      None
Comment: Default_Handler unused
GPIO_Handler 0000000E

Symbol: GPIO_Handler
   Definitions
      At line 213 in file ..\..\..\..\soc\ts800x\platform\keil\ts800x_startup.s
   Uses
      At line 100 in file ..\..\..\..\soc\ts800x\platform\keil\ts800x_startup.s



ARM Macro Assembler    Page 2 Alphabetic symbol ordering
Relocatable symbols

      At line 180 in file ..\..\..\..\soc\ts800x\platform\keil\ts800x_startup.s

HardFault_Handler 00000004

Symbol: HardFault_Handler
   Definitions
      At line 137 in file ..\..\..\..\soc\ts800x\platform\keil\ts800x_startup.s
   Uses
      At line 69 in file ..\..\..\..\soc\ts800x\platform\keil\ts800x_startup.s
      At line 138 in file ..\..\..\..\soc\ts800x\platform\keil\ts800x_startup.s

I2C0_Handler 0000000E

Symbol: I2C0_Handler
   Definitions
      At line 209 in file ..\..\..\..\soc\ts800x\platform\keil\ts800x_startup.s
   Uses
      At line 96 in file ..\..\..\..\soc\ts800x\platform\keil\ts800x_startup.s
      At line 176 in file ..\..\..\..\soc\ts800x\platform\keil\ts800x_startup.s

Interrupt13_Handler 0000000E

Symbol: Interrupt13_Handler
   Definitions
      At line 210 in file ..\..\..\..\soc\ts800x\platform\keil\ts800x_startup.s
   Uses
      At line 97 in file ..\..\..\..\soc\ts800x\platform\keil\ts800x_startup.s
      At line 177 in file ..\..\..\..\soc\ts800x\platform\keil\ts800x_startup.s

Interrupt1_Handler 0000000E

Symbol: Interrupt1_Handler
   Definitions
      At line 198 in file ..\..\..\..\soc\ts800x\platform\keil\ts800x_startup.s
   Uses
      At line 85 in file ..\..\..\..\soc\ts800x\platform\keil\ts800x_startup.s
      At line 165 in file ..\..\..\..\soc\ts800x\platform\keil\ts800x_startup.s

Interrupt23_Handler 0000000E

Symbol: Interrupt23_Handler
   Definitions
      At line 220 in file ..\..\..\..\soc\ts800x\platform\keil\ts800x_startup.s
   Uses
      At line 107 in file ..\..\..\..\soc\ts800x\platform\keil\ts800x_startup.s
      At line 187 in file ..\..\..\..\soc\ts800x\platform\keil\ts800x_startup.s

Interrupt4_Handler 0000000E

Symbol: Interrupt4_Handler
   Definitions
      At line 201 in file ..\..\..\..\soc\ts800x\platform\keil\ts800x_startup.s
   Uses
      At line 88 in file ..\..\..\..\soc\ts800x\platform\keil\ts800x_startup.s
      At line 168 in file ..\..\..\..\soc\ts800x\platform\keil\ts800x_startup.s

Interrupt5_Handler 0000000E

Symbol: Interrupt5_Handler



ARM Macro Assembler    Page 3 Alphabetic symbol ordering
Relocatable symbols

   Definitions
      At line 202 in file ..\..\..\..\soc\ts800x\platform\keil\ts800x_startup.s
   Uses
      At line 89 in file ..\..\..\..\soc\ts800x\platform\keil\ts800x_startup.s
      At line 169 in file ..\..\..\..\soc\ts800x\platform\keil\ts800x_startup.s

Interrupt6_Handler 0000000E

Symbol: Interrupt6_Handler
   Definitions
      At line 203 in file ..\..\..\..\soc\ts800x\platform\keil\ts800x_startup.s
   Uses
      At line 90 in file ..\..\..\..\soc\ts800x\platform\keil\ts800x_startup.s
      At line 170 in file ..\..\..\..\soc\ts800x\platform\keil\ts800x_startup.s

NMI_Handler 00000006

Symbol: NMI_Handler
   Definitions
      At line 142 in file ..\..\..\..\soc\ts800x\platform\keil\ts800x_startup.s
   Uses
      At line 68 in file ..\..\..\..\soc\ts800x\platform\keil\ts800x_startup.s
      At line 143 in file ..\..\..\..\soc\ts800x\platform\keil\ts800x_startup.s

PendSV_Handler 0000000A

Symbol: PendSV_Handler
   Definitions
      At line 152 in file ..\..\..\..\soc\ts800x\platform\keil\ts800x_startup.s
   Uses
      At line 80 in file ..\..\..\..\soc\ts800x\platform\keil\ts800x_startup.s
      At line 153 in file ..\..\..\..\soc\ts800x\platform\keil\ts800x_startup.s

QDEC_Handler 0000000E

Symbol: QDEC_Handler
   Definitions
      At line 214 in file ..\..\..\..\soc\ts800x\platform\keil\ts800x_startup.s
   Uses
      At line 101 in file ..\..\..\..\soc\ts800x\platform\keil\ts800x_startup.s
      At line 181 in file ..\..\..\..\soc\ts800x\platform\keil\ts800x_startup.s

RADIO_DMA_Handler 0000000E

Symbol: RADIO_DMA_Handler
   Definitions
      At line 199 in file ..\..\..\..\soc\ts800x\platform\keil\ts800x_startup.s
   Uses
      At line 86 in file ..\..\..\..\soc\ts800x\platform\keil\ts800x_startup.s
      At line 166 in file ..\..\..\..\soc\ts800x\platform\keil\ts800x_startup.s

RADIO_TICK_Handler 0000000E

Symbol: RADIO_TICK_Handler
   Definitions
      At line 200 in file ..\..\..\..\soc\ts800x\platform\keil\ts800x_startup.s
   Uses
      At line 87 in file ..\..\..\..\soc\ts800x\platform\keil\ts800x_startup.s
      At line 167 in file ..\..\..\..\soc\ts800x\platform\keil\ts800x_startup.s



ARM Macro Assembler    Page 4 Alphabetic symbol ordering
Relocatable symbols


RTC_Handler 0000000E

Symbol: RTC_Handler
   Definitions
      At line 218 in file ..\..\..\..\soc\ts800x\platform\keil\ts800x_startup.s
   Uses
      At line 105 in file ..\..\..\..\soc\ts800x\platform\keil\ts800x_startup.s
      At line 185 in file ..\..\..\..\soc\ts800x\platform\keil\ts800x_startup.s

Reset_Handler 00000000

Symbol: Reset_Handler
   Definitions
      At line 124 in file ..\..\..\..\soc\ts800x\platform\keil\ts800x_startup.s
   Uses
      At line 67 in file ..\..\..\..\soc\ts800x\platform\keil\ts800x_startup.s
      At line 125 in file ..\..\..\..\soc\ts800x\platform\keil\ts800x_startup.s

SDMA_Handler 0000000E

Symbol: SDMA_Handler
   Definitions
      At line 219 in file ..\..\..\..\soc\ts800x\platform\keil\ts800x_startup.s
   Uses
      At line 106 in file ..\..\..\..\soc\ts800x\platform\keil\ts800x_startup.s
      At line 186 in file ..\..\..\..\soc\ts800x\platform\keil\ts800x_startup.s

SPIM0_Handler 0000000E

Symbol: SPIM0_Handler
   Definitions
      At line 207 in file ..\..\..\..\soc\ts800x\platform\keil\ts800x_startup.s
   Uses
      At line 94 in file ..\..\..\..\soc\ts800x\platform\keil\ts800x_startup.s
      At line 174 in file ..\..\..\..\soc\ts800x\platform\keil\ts800x_startup.s

SPIM1_Handler 0000000E

Symbol: SPIM1_Handler
   Definitions
      At line 208 in file ..\..\..\..\soc\ts800x\platform\keil\ts800x_startup.s
   Uses
      At line 95 in file ..\..\..\..\soc\ts800x\platform\keil\ts800x_startup.s
      At line 175 in file ..\..\..\..\soc\ts800x\platform\keil\ts800x_startup.s

SPIS0_Handler 0000000E

Symbol: SPIS0_Handler
   Definitions
      At line 211 in file ..\..\..\..\soc\ts800x\platform\keil\ts800x_startup.s
   Uses
      At line 98 in file ..\..\..\..\soc\ts800x\platform\keil\ts800x_startup.s
      At line 178 in file ..\..\..\..\soc\ts800x\platform\keil\ts800x_startup.s

SVC_Handler 00000008

Symbol: SVC_Handler
   Definitions



ARM Macro Assembler    Page 5 Alphabetic symbol ordering
Relocatable symbols

      At line 147 in file ..\..\..\..\soc\ts800x\platform\keil\ts800x_startup.s
   Uses
      At line 77 in file ..\..\..\..\soc\ts800x\platform\keil\ts800x_startup.s
      At line 148 in file ..\..\..\..\soc\ts800x\platform\keil\ts800x_startup.s

SysTick_Handler 0000000C

Symbol: SysTick_Handler
   Definitions
      At line 157 in file ..\..\..\..\soc\ts800x\platform\keil\ts800x_startup.s
   Uses
      At line 81 in file ..\..\..\..\soc\ts800x\platform\keil\ts800x_startup.s
      At line 158 in file ..\..\..\..\soc\ts800x\platform\keil\ts800x_startup.s

TIMER0_Handler 0000000E

Symbol: TIMER0_Handler
   Definitions
      At line 221 in file ..\..\..\..\soc\ts800x\platform\keil\ts800x_startup.s
   Uses
      At line 108 in file ..\..\..\..\soc\ts800x\platform\keil\ts800x_startup.s
      At line 188 in file ..\..\..\..\soc\ts800x\platform\keil\ts800x_startup.s

TIMER1_Handler 0000000E

Symbol: TIMER1_Handler
   Definitions
      At line 222 in file ..\..\..\..\soc\ts800x\platform\keil\ts800x_startup.s
   Uses
      At line 109 in file ..\..\..\..\soc\ts800x\platform\keil\ts800x_startup.s
      At line 189 in file ..\..\..\..\soc\ts800x\platform\keil\ts800x_startup.s

TIMER2_Handler 0000000E

Symbol: TIMER2_Handler
   Definitions
      At line 223 in file ..\..\..\..\soc\ts800x\platform\keil\ts800x_startup.s
   Uses
      At line 110 in file ..\..\..\..\soc\ts800x\platform\keil\ts800x_startup.s
      At line 190 in file ..\..\..\..\soc\ts800x\platform\keil\ts800x_startup.s

TIMER3_Handler 0000000E

Symbol: TIMER3_Handler
   Definitions
      At line 224 in file ..\..\..\..\soc\ts800x\platform\keil\ts800x_startup.s
   Uses
      At line 111 in file ..\..\..\..\soc\ts800x\platform\keil\ts800x_startup.s
      At line 191 in file ..\..\..\..\soc\ts800x\platform\keil\ts800x_startup.s

TIMER4_Handler 0000000E

Symbol: TIMER4_Handler
   Definitions
      At line 225 in file ..\..\..\..\soc\ts800x\platform\keil\ts800x_startup.s
   Uses
      At line 112 in file ..\..\..\..\soc\ts800x\platform\keil\ts800x_startup.s
      At line 192 in file ..\..\..\..\soc\ts800x\platform\keil\ts800x_startup.s




ARM Macro Assembler    Page 6 Alphabetic symbol ordering
Relocatable symbols

TIMER5_Handler 0000000E

Symbol: TIMER5_Handler
   Definitions
      At line 226 in file ..\..\..\..\soc\ts800x\platform\keil\ts800x_startup.s
   Uses
      At line 113 in file ..\..\..\..\soc\ts800x\platform\keil\ts800x_startup.s
      At line 193 in file ..\..\..\..\soc\ts800x\platform\keil\ts800x_startup.s

TIMER6_Handler 0000000E

Symbol: TIMER6_Handler
   Definitions
      At line 227 in file ..\..\..\..\soc\ts800x\platform\keil\ts800x_startup.s
   Uses
      At line 114 in file ..\..\..\..\soc\ts800x\platform\keil\ts800x_startup.s
      At line 194 in file ..\..\..\..\soc\ts800x\platform\keil\ts800x_startup.s

TIMER7_Handler 0000000E

Symbol: TIMER7_Handler
   Definitions
      At line 228 in file ..\..\..\..\soc\ts800x\platform\keil\ts800x_startup.s
   Uses
      At line 115 in file ..\..\..\..\soc\ts800x\platform\keil\ts800x_startup.s
      At line 195 in file ..\..\..\..\soc\ts800x\platform\keil\ts800x_startup.s

UART0_Handler 0000000E

Symbol: UART0_Handler
   Definitions
      At line 205 in file ..\..\..\..\soc\ts800x\platform\keil\ts800x_startup.s
   Uses
      At line 92 in file ..\..\..\..\soc\ts800x\platform\keil\ts800x_startup.s
      At line 172 in file ..\..\..\..\soc\ts800x\platform\keil\ts800x_startup.s

UART1_Handler 0000000E

Symbol: UART1_Handler
   Definitions
      At line 206 in file ..\..\..\..\soc\ts800x\platform\keil\ts800x_startup.s
   Uses
      At line 93 in file ..\..\..\..\soc\ts800x\platform\keil\ts800x_startup.s
      At line 173 in file ..\..\..\..\soc\ts800x\platform\keil\ts800x_startup.s

USB_Handler 0000000E

Symbol: USB_Handler
   Definitions
      At line 212 in file ..\..\..\..\soc\ts800x\platform\keil\ts800x_startup.s
   Uses
      At line 99 in file ..\..\..\..\soc\ts800x\platform\keil\ts800x_startup.s
      At line 179 in file ..\..\..\..\soc\ts800x\platform\keil\ts800x_startup.s

WDT_Handler 0000000E

Symbol: WDT_Handler
   Definitions
      At line 197 in file ..\..\..\..\soc\ts800x\platform\keil\ts800x_startup.s



ARM Macro Assembler    Page 7 Alphabetic symbol ordering
Relocatable symbols

   Uses
      At line 84 in file ..\..\..\..\soc\ts800x\platform\keil\ts800x_startup.s
      At line 164 in file ..\..\..\..\soc\ts800x\platform\keil\ts800x_startup.s

40 symbols



ARM Macro Assembler    Page 1 Alphabetic symbol ordering
Absolute symbols

Heap_Size 00000000

Symbol: Heap_Size
   Definitions
      At line 45 in file ..\..\..\..\soc\ts800x\platform\keil\ts800x_startup.s
   Uses
      At line 47 in file ..\..\..\..\soc\ts800x\platform\keil\ts800x_startup.s
      At line 244 in file ..\..\..\..\soc\ts800x\platform\keil\ts800x_startup.s

Stack_Size 00000600

Symbol: Stack_Size
   Definitions
      At line 33 in file ..\..\..\..\soc\ts800x\platform\keil\ts800x_startup.s
   Uses
      At line 37 in file ..\..\..\..\soc\ts800x\platform\keil\ts800x_startup.s
Comment: Stack_Size used once
__Vectors_Size 000000C0

Symbol: __Vectors_Size
   Definitions
      At line 117 in file ..\..\..\..\soc\ts800x\platform\keil\ts800x_startup.s
   Uses
      At line 64 in file ..\..\..\..\soc\ts800x\platform\keil\ts800x_startup.s
Comment: __Vectors_Size used once
3 symbols



ARM Macro Assembler    Page 1 Alphabetic symbol ordering
External symbols

__main 00000000

Symbol: __main
   Definitions
      At line 127 in file ..\..\..\..\soc\ts800x\platform\keil\ts800x_startup.s
   Uses
      At line 131 in file ..\..\..\..\soc\ts800x\platform\keil\ts800x_startup.s
Comment: __main used once
__use_two_region_memory 00000000

Symbol: __use_two_region_memory
   Definitions
      At line 239 in file ..\..\..\..\soc\ts800x\platform\keil\ts800x_startup.s
   Uses
      None
Comment: __use_two_region_memory unused
2 symbols
388 symbols in table
